2026-04-07 17:42:45,626 [INFO] ============================================================
2026-04-07 17:42:45,626 [INFO] DÉMARRAGE DE LA COLLECTE FINESS
2026-04-07 17:42:45,627 [INFO] Répertoire de destination : /home/sluria/code/stluria/sante-territoire-rncp/data/raw
2026-04-07 17:42:45,627 [INFO] ============================================================
2026-04-07 17:42:45,627 [INFO] 
→ FINESS activités de soins (finess_activites_soin.csv)
2026-04-07 17:42:45,628 [INFO]   ⏭ Fichier déjà présent, vérification...
2026-04-07 17:42:46,113 [INFO]   ✓ Intégrité OK : 102756 lignes | MD5 : 380c16178f72de41c781b92ebf44e507
2026-04-07 17:42:46,123 [INFO] 
→ FINESS activités de soins (finess_equipements_sociaux.csv)
2026-04-07 17:42:46,123 [INFO]   ⏭ Fichier déjà présent, vérification...
2026-04-07 17:42:46,619 [INFO]   ✓ Intégrité OK : 160711 lignes | MD5 : f6fca81bce12f92829238e57205706d0
2026-04-07 17:42:46,619 [INFO] 
→ FINESS équipements sociaux et médico-sociaux (finess_etablissements.csv)
2026-04-07 17:42:46,620 [INFO]   ⏭ Fichier déjà présent, vérification...
2026-04-07 17:42:47,206 [INFO]   ✓ Intégrité OK : 205384 lignes | MD5 : d9099898cc9a559cc222138bce5470d1
2026-04-07 17:42:47,207 [INFO] 
→ Communes françaises 2025 (INSEE) (v_commune_2025.csv)
2026-04-07 17:42:47,208 [INFO]   ⏭ Fichier déjà présent, vérification...
2026-04-07 17:42:47,271 [INFO]   ✓ Intégrité OK : 37548 lignes | MD5 : 597646d4e82d40d9d4f494b220e451d5
2026-04-07 17:42:47,272 [INFO] 
============================================================
2026-04-07 17:42:47,272 [INFO] RÉSUMÉ COLLECTE
2026-04-07 17:42:47,272 [INFO]   ✓ finess_activites_soin.csv : ok_existing
2026-04-07 17:42:47,272 [INFO]   ✓ finess_equipements_sociaux.csv : ok_existing
2026-04-07 17:42:47,273 [INFO]   ✓ finess_etablissements.csv : ok_existing
2026-04-07 17:42:47,273 [INFO]   ✓ v_commune_2025.csv : ok_existing
2026-04-07 17:42:47,273 [INFO] 
✓ Tous les fichiers collectés avec succès.
2026-04-07 17:42:47,274 [INFO] ============================================================
