2026-04-07 17:43:20,725 [INFO] ============================================================
2026-04-07 17:43:20,725 [INFO] DÉMARRAGE DE LA COLLECTE FINESS
2026-04-07 17:43:20,726 [INFO] Répertoire de destination : /home/sluria/code/stluria/sante-territoire-rncp/data/raw
2026-04-07 17:43:20,726 [INFO] ============================================================
2026-04-07 17:43:20,727 [INFO] 
→ FINESS activités de soins (finess_activites_soin.csv)
2026-04-07 17:43:20,727 [INFO] Téléchargement : https://www.data.gouv.fr/api/1/datasets/r/5eb67ddc-b58c-4531-a3f2-2c2843cf3986
2026-04-07 17:43:21,745 [INFO]   ✓ Téléchargé : finess_activites_soin.csv (22.5 Mo)
2026-04-07 17:43:21,866 [INFO]   ✓ Intégrité OK : 110242 lignes | MD5 : 63336a271b018a7081af1254fabfeab2
2026-04-07 17:43:21,866 [INFO] 
→ FINESS activités de soins (finess_equipements_sociaux.csv)
2026-04-07 17:43:21,867 [INFO]   ⏭ Fichier déjà présent, vérification...
2026-04-07 17:43:22,002 [INFO]   ✓ Intégrité OK : 160711 lignes | MD5 : f6fca81bce12f92829238e57205706d0
2026-04-07 17:43:22,003 [INFO] 
→ FINESS équipements sociaux et médico-sociaux (finess_etablissements.csv)
2026-04-07 17:43:22,004 [INFO]   ⏭ Fichier déjà présent, vérification...
2026-04-07 17:43:22,224 [INFO]   ✓ Intégrité OK : 205384 lignes | MD5 : d9099898cc9a559cc222138bce5470d1
2026-04-07 17:43:22,225 [INFO] 
→ Communes françaises 2025 (INSEE) (v_commune_2025.csv)
2026-04-07 17:43:22,225 [INFO]   ⏭ Fichier déjà présent, vérification...
2026-04-07 17:43:22,252 [INFO]   ✓ Intégrité OK : 37548 lignes | MD5 : 597646d4e82d40d9d4f494b220e451d5
2026-04-07 17:43:22,252 [INFO] 
============================================================
2026-04-07 17:43:22,253 [INFO] RÉSUMÉ COLLECTE
2026-04-07 17:43:22,253 [INFO]   ✓ finess_activites_soin.csv : ok
2026-04-07 17:43:22,254 [INFO]   ✓ finess_equipements_sociaux.csv : ok_existing
2026-04-07 17:43:22,254 [INFO]   ✓ finess_etablissements.csv : ok_existing
2026-04-07 17:43:22,254 [INFO]   ✓ v_commune_2025.csv : ok_existing
2026-04-07 17:43:22,255 [INFO] 
✓ Tous les fichiers collectés avec succès.
2026-04-07 17:43:22,255 [INFO] ============================================================
