2026-04-07 15:27:01,809 [INFO] ============================================================
2026-04-07 15:27:01,810 [INFO] DÉMARRAGE DE LA COLLECTE FINESS
2026-04-07 15:27:01,811 [INFO] Répertoire de destination : /home/sluria/code/stluria/sante-territoire-rncp/data/raw
2026-04-07 15:27:01,812 [INFO] ============================================================
2026-04-07 15:27:01,813 [INFO] 
→ FINESS activités de soins (finess_activites_soin.csv)
2026-04-07 15:27:01,813 [INFO]   ⏭ Fichier déjà présent, vérification...
2026-04-07 15:27:02,030 [INFO]   ✓ Intégrité OK : 102756 lignes | MD5 : 380c16178f72de41c781b92ebf44e507
2026-04-07 15:27:02,030 [INFO] 
→ FINESS activités de soins (finess_equipements_sociaux.csv)
2026-04-07 15:27:02,031 [INFO] Téléchargement : https://www.data.gouv.fr/api/1/datasets/r/1c295b5d-6575-467c-abe9-32e7753ca1cb
2026-04-07 15:27:04,081 [INFO]   ✓ Téléchargé : finess_equipements_sociaux.csv (24.8 Mo)
2026-04-07 15:27:04,227 [INFO]   ✓ Intégrité OK : 160711 lignes | MD5 : f6fca81bce12f92829238e57205706d0
2026-04-07 15:27:04,228 [INFO] 
→ FINESS équipements sociaux et médico-sociaux (finess_etablissements.csv)
2026-04-07 15:27:04,228 [INFO]   ⏭ Fichier déjà présent, vérification...
2026-04-07 15:27:04,449 [INFO]   ✓ Intégrité OK : 205384 lignes | MD5 : d9099898cc9a559cc222138bce5470d1
2026-04-07 15:27:04,450 [INFO] 
→ Communes françaises 2025 (INSEE) (v_commune_2025.csv)
2026-04-07 15:27:04,450 [INFO]   ⏭ Fichier déjà présent, vérification...
2026-04-07 15:27:04,485 [INFO]   ✓ Intégrité OK : 37548 lignes | MD5 : 597646d4e82d40d9d4f494b220e451d5
2026-04-07 15:27:04,486 [INFO] 
============================================================
2026-04-07 15:27:04,486 [INFO] RÉSUMÉ COLLECTE
2026-04-07 15:27:04,487 [INFO]   ✓ finess_activites_soin.csv : ok_existing
2026-04-07 15:27:04,487 [INFO]   ✓ finess_equipements_sociaux.csv : ok
2026-04-07 15:27:04,488 [INFO]   ✓ finess_etablissements.csv : ok_existing
2026-04-07 15:27:04,488 [INFO]   ✓ v_commune_2025.csv : ok_existing
2026-04-07 15:27:04,488 [INFO] 
✓ Tous les fichiers collectés avec succès.
2026-04-07 15:27:04,489 [INFO] ============================================================
